<?xml version="1.0" encoding="UTF-8"?>
<testsuite name="be.heh.domain.VetTests" tests="1" skipped="0" failures="0" errors="0" timestamp="2018-11-14T14:29:00" hostname="DESKTOP-5NMUL86" time="0.011">
  <properties/>
  <testcase name="test_object_vet()" classname="be.heh.domain.VetTests" time="0.011"/>
  <system-out><![CDATA[]]></system-out>
  <system-err><![CDATA[]]></system-err>
</testsuite>
