<?xml version="1.0" encoding="UTF-8"?>
<testsuite name="be.heh.domain.VetTests" tests="1" skipped="0" failures="0" errors="0" timestamp="2018-12-28T13:35:44" hostname="DESKTOP-5NMUL86" time="0.006">
  <properties/>
  <testcase name="test_object_vet()" classname="be.heh.domain.VetTests" time="0.006"/>
  <system-out><![CDATA[]]></system-out>
  <system-err><![CDATA[]]></system-err>
</testsuite>
